<?xml version="1.0" encoding="UTF-8"?>
<!-- Generated by org.testng.reporters.JUnitReportReporter -->
<testsuite skipped="0" hostname="LAPTOP-84GA0B6G" name="com.trifacta.runner.Runner" tests="1" failures="0" timestamp="2021-06-22T09:30:53 IST" time="11.859" errors="0">
  <testcase name="feature" time="11.859" classname="com.trifacta.runner.Runner"/>
  <system-out/>
</testsuite> <!-- com.trifacta.runner.Runner -->
